# JRE version: OpenJDK Runtime Environment Temurin-17.0.13+11 (17.0.13+11) (build 17.0.13+11)
# Java VM: OpenJDK 64-Bit Server VM Temurin-17.0.13+11 (17.0.13+11, mixed mode, tiered, compressed oops, compressed class ptrs, parallel gc, windows-amd64)
GC Precious Log:
 CPUs: 16 total, 16 available
 Memory: 6005M
 Large Page Support: Disabled
 NUMA Support: Disabled
 Compressed Oops: Enabled (32-bit)
 Alignments: Space 512K, Generation 512K, Heap 2M
 Heap Min Capacity: 100M
 Heap Initial Capacity: 100M
 Heap Max Capacity: 1G
 Pre-touch: Disabled
 Parallel Workers: 13
Heap:
 PSYoungGen      total 20992K, used 14203K [0x00000000eab00000, 0x00000000ec380000, 0x0000000100000000)
  eden space 17920K, 62% used [0x00000000eab00000,0x00000000eb5e6f68,0x00000000ebc80000)
  from space 3072K, 98% used [0x00000000ebc80000,0x00000000ebf78060,0x00000000ebf80000)
  to   space 3584K, 0% used [0x00000000ec000000,0x00000000ec000000,0x00000000ec380000)
 ParOldGen       total 68608K, used 34029K [0x00000000c0000000, 0x00000000c4300000, 0x00000000eab00000)
  object space 68608K, 49% used [0x00000000c0000000,0x00000000c213b7f0,0x00000000c4300000)
 Metaspace       used 51211K, committed 51968K, reserved 1114112K
  class space    used 5033K, committed 5376K, reserved 1048576K
GC Heap History (20 events):
Event: 6.842 GC heap before
{Heap before GC invocations=16 (full 2):
 PSYoungGen      total 23552K, used 23186K [0x00000000eab00000, 0x00000000ec680000, 0x0000000100000000)
  eden space 22016K, 99% used [0x00000000eab00000,0x00000000ec075e68,0x00000000ec080000)
  from space 1536K, 78% used [0x00000000ec080000,0x00000000ec1aed28,0x00000000ec200000)
  to   space 2560K, 0% used [0x00000000ec400000,0x00000000ec400000,0x00000000ec680000)
 ParOldGen       total 68608K, used 19622K [0x00000000c0000000, 0x00000000c4300000, 0x00000000eab00000)
  object space 68608K, 28% used [0x00000000c0000000,0x00000000c1329950,0x00000000c4300000)
 Metaspace       used 42066K, committed 42880K, reserved 1114112K
  class space    used 4300K, committed 4672K, reserved 1048576K
}
Event: 6.843 GC heap after
{Heap after GC invocations=16 (full 2):
 PSYoungGen      total 23040K, used 620K [0x00000000eab00000, 0x00000000ec500000, 0x0000000100000000)
  eden space 22016K, 0% used [0x00000000eab00000,0x00000000eab00000,0x00000000ec080000)
  from space 1024K, 60% used [0x00000000ec400000,0x00000000ec49b010,0x00000000ec500000)
  to   space 1536K, 0% used [0x00000000ec200000,0x00000000ec200000,0x00000000ec380000)
 ParOldGen       total 68608K, used 20529K [0x00000000c0000000, 0x00000000c4300000, 0x00000000eab00000)
  object space 68608K, 29% used [0x00000000c0000000,0x00000000c140c7e0,0x00000000c4300000)
 Metaspace       used 42066K, committed 42880K, reserved 1114112K
  class space    used 4300K, committed 4672K, reserved 1048576K
}
Event: 7.059 GC heap before
{Heap before GC invocations=17 (full 2):
 PSYoungGen      total 23040K, used 22636K [0x00000000eab00000, 0x00000000ec500000, 0x0000000100000000)
  eden space 22016K, 100% used [0x00000000eab00000,0x00000000ec080000,0x00000000ec080000)
  from space 1024K, 60% used [0x00000000ec400000,0x00000000ec49b010,0x00000000ec500000)
  to   space 1536K, 0% used [0x00000000ec200000,0x00000000ec200000,0x00000000ec380000)
 ParOldGen       total 68608K, used 20529K [0x00000000c0000000, 0x00000000c4300000, 0x00000000eab00000)
  object space 68608K, 29% used [0x00000000c0000000,0x00000000c140c7e0,0x00000000c4300000)
 Metaspace       used 43635K, committed 44480K, reserved 1114112K
  class space    used 4402K, committed 4800K, reserved 1048576K
}
Event: 7.060 GC heap after
{Heap after GC invocations=17 (full 2):
 PSYoungGen      total 23552K, used 1505K [0x00000000eab00000, 0x00000000ec580000, 0x0000000100000000)
  eden space 22016K, 0% used [0x00000000eab00000,0x00000000eab00000,0x00000000ec080000)
  from space 1536K, 98% used [0x00000000ec200000,0x00000000ec378698,0x00000000ec380000)
  to   space 2048K, 0% used [0x00000000ec380000,0x00000000ec380000,0x00000000ec580000)
 ParOldGen       total 68608K, used 20998K [0x00000000c0000000, 0x00000000c4300000, 0x00000000eab00000)
  object space 68608K, 30% used [0x00000000c0000000,0x00000000c1481a70,0x00000000c4300000)
 Metaspace       used 43635K, committed 44480K, reserved 1114112K
  class space    used 4402K, committed 4800K, reserved 1048576K
}
Event: 7.142 GC heap before
{Heap before GC invocations=18 (full 2):
 PSYoungGen      total 23552K, used 23521K [0x00000000eab00000, 0x00000000ec580000, 0x0000000100000000)
  eden space 22016K, 100% used [0x00000000eab00000,0x00000000ec080000,0x00000000ec080000)
  from space 1536K, 98% used [0x00000000ec200000,0x00000000ec378698,0x00000000ec380000)
  to   space 2048K, 0% used [0x00000000ec380000,0x00000000ec380000,0x00000000ec580000)
 ParOldGen       total 68608K, used 20998K [0x00000000c0000000, 0x00000000c4300000, 0x00000000eab00000)
  object space 68608K, 30% used [0x00000000c0000000,0x00000000c1481a70,0x00000000c4300000)
 Metaspace       used 44243K, committed 45056K, reserved 1114112K
  class space    used 4458K, committed 4800K, reserved 1048576K
}
Event: 7.143 GC heap after
{Heap after GC invocations=18 (full 2):
 PSYoungGen      total 22528K, used 384K [0x00000000eab00000, 0x00000000ec400000, 0x0000000100000000)
  eden space 22016K, 0% used [0x00000000eab00000,0x00000000eab00000,0x00000000ec080000)
  from space 512K, 75% used [0x00000000ec380000,0x00000000ec3e0000,0x00000000ec400000)
  to   space 1024K, 0% used [0x00000000ec200000,0x00000000ec200000,0x00000000ec300000)
 ParOldGen       total 68608K, used 21341K [0x00000000c0000000, 0x00000000c4300000, 0x00000000eab00000)
  object space 68608K, 31% used [0x00000000c0000000,0x00000000c14d77c0,0x00000000c4300000)
 Metaspace       used 44243K, committed 45056K, reserved 1114112K
  class space    used 4458K, committed 4800K, reserved 1048576K
}
Event: 7.804 GC heap before
{Heap before GC invocations=19 (full 2):
 PSYoungGen      total 22528K, used 22400K [0x00000000eab00000, 0x00000000ec400000, 0x0000000100000000)
  eden space 22016K, 100% used [0x00000000eab00000,0x00000000ec080000,0x00000000ec080000)
  from space 512K, 75% used [0x00000000ec380000,0x00000000ec3e0000,0x00000000ec400000)
  to   space 1024K, 0% used [0x00000000ec200000,0x00000000ec200000,0x00000000ec300000)
 ParOldGen       total 68608K, used 21341K [0x00000000c0000000, 0x00000000c4300000, 0x00000000eab00000)
  object space 68608K, 31% used [0x00000000c0000000,0x00000000c14d77c0,0x00000000c4300000)
 Metaspace       used 45626K, committed 46400K, reserved 1114112K
  class space    used 4563K, committed 4928K, reserved 1048576K
}
Event: 7.806 GC heap after
{Heap after GC invocations=19 (full 2):
 PSYoungGen      total 23040K, used 1024K [0x00000000eab00000, 0x00000000ec580000, 0x0000000100000000)
  eden space 22016K, 0% used [0x00000000eab00000,0x00000000eab00000,0x00000000ec080000)
  from space 1024K, 100% used [0x00000000ec200000,0x00000000ec300000,0x00000000ec300000)
  to   space 2560K, 0% used [0x00000000ec300000,0x00000000ec300000,0x00000000ec580000)
 ParOldGen       total 68608K, used 22490K [0x00000000c0000000, 0x00000000c4300000, 0x00000000eab00000)
  object space 68608K, 32% used [0x00000000c0000000,0x00000000c15f68b0,0x00000000c4300000)
 Metaspace       used 45626K, committed 46400K, reserved 1114112K
  class space    used 4563K, committed 4928K, reserved 1048576K
}
Event: 7.834 GC heap before
{Heap before GC invocations=20 (full 2):
 PSYoungGen      total 23040K, used 23040K [0x00000000eab00000, 0x00000000ec580000, 0x0000000100000000)
  eden space 22016K, 100% used [0x00000000eab00000,0x00000000ec080000,0x00000000ec080000)
  from space 1024K, 100% used [0x00000000ec200000,0x00000000ec300000,0x00000000ec300000)
  to   space 2560K, 0% used [0x00000000ec300000,0x00000000ec300000,0x00000000ec580000)
 ParOldGen       total 68608K, used 22490K [0x00000000c0000000, 0x00000000c4300000, 0x00000000eab00000)
  object space 68608K, 32% used [0x00000000c0000000,0x00000000c15f68b0,0x00000000c4300000)
 Metaspace       used 45626K, committed 46400K, reserved 1114112K
  class space    used 4563K, committed 4928K, reserved 1048576K
}
Event: 7.837 GC heap after
{Heap after GC invocations=20 (full 2):
 PSYoungGen      total 23040K, used 2532K [0x00000000eab00000, 0x00000000ec880000, 0x0000000100000000)
  eden space 20480K, 0% used [0x00000000eab00000,0x00000000eab00000,0x00000000ebf00000)
  from space 2560K, 98% used [0x00000000ec300000,0x00000000ec579000,0x00000000ec580000)
  to   space 4096K, 0% used [0x00000000ebf00000,0x00000000ebf00000,0x00000000ec300000)
 ParOldGen       total 68608K, used 23663K [0x00000000c0000000, 0x00000000c4300000, 0x00000000eab00000)
  object space 68608K, 34% used [0x00000000c0000000,0x00000000c171bd88,0x00000000c4300000)
 Metaspace       used 45626K, committed 46400K, reserved 1114112K
  class space    used 4563K, committed 4928K, reserved 1048576K
}
Event: 7.869 GC heap before
{Heap before GC invocations=21 (full 2):
 PSYoungGen      total 23040K, used 23012K [0x00000000eab00000, 0x00000000ec880000, 0x0000000100000000)
  eden space 20480K, 100% used [0x00000000eab00000,0x00000000ebf00000,0x00000000ebf00000)
  from space 2560K, 98% used [0x00000000ec300000,0x00000000ec579000,0x00000000ec580000)
  to   space 4096K, 0% used [0x00000000ebf00000,0x00000000ebf00000,0x00000000ec300000)
 ParOldGen       total 68608K, used 23663K [0x00000000c0000000, 0x00000000c4300000, 0x00000000eab00000)
  object space 68608K, 34% used [0x00000000c0000000,0x00000000c171bd88,0x00000000c4300000)
 Metaspace       used 45712K, committed 46528K, reserved 1114112K
  class space    used 4567K, committed 4928K, reserved 1048576K
}
Event: 7.873 GC heap after
{Heap after GC invocations=21 (full 2):
 PSYoungGen      total 23552K, used 2560K [0x00000000eab00000, 0x00000000ec500000, 0x0000000100000000)
  eden space 20480K, 0% used [0x00000000eab00000,0x00000000eab00000,0x00000000ebf00000)
  from space 3072K, 83% used [0x00000000ebf00000,0x00000000ec180010,0x00000000ec200000)
  to   space 3072K, 0% used [0x00000000ec200000,0x00000000ec200000,0x00000000ec500000)
 ParOldGen       total 68608K, used 26211K [0x00000000c0000000, 0x00000000c4300000, 0x00000000eab00000)
  object space 68608K, 38% used [0x00000000c0000000,0x00000000c1998d88,0x00000000c4300000)
 Metaspace       used 45712K, committed 46528K, reserved 1114112K
  class space    used 4567K, committed 4928K, reserved 1048576K
}
Event: 8.105 GC heap before
{Heap before GC invocations=22 (full 2):
 PSYoungGen      total 23552K, used 23040K [0x00000000eab00000, 0x00000000ec500000, 0x0000000100000000)
  eden space 20480K, 100% used [0x00000000eab00000,0x00000000ebf00000,0x00000000ebf00000)
  from space 3072K, 83% used [0x00000000ebf00000,0x00000000ec180010,0x00000000ec200000)
  to   space 3072K, 0% used [0x00000000ec200000,0x00000000ec200000,0x00000000ec500000)
 ParOldGen       total 68608K, used 26211K [0x00000000c0000000, 0x00000000c4300000, 0x00000000eab00000)
  object space 68608K, 38% used [0x00000000c0000000,0x00000000c1998d88,0x00000000c4300000)
 Metaspace       used 47381K, committed 48192K, reserved 1114112K
  class space    used 4747K, committed 5120K, reserved 1048576K
}
Event: 8.108 GC heap after
{Heap after GC invocations=22 (full 2):
 PSYoungGen      total 23040K, used 2189K [0x00000000eab00000, 0x00000000ec480000, 0x0000000100000000)
  eden space 20480K, 0% used [0x00000000eab00000,0x00000000eab00000,0x00000000ebf00000)
  from space 2560K, 85% used [0x00000000ec200000,0x00000000ec423530,0x00000000ec480000)
  to   space 2560K, 0% used [0x00000000ebf80000,0x00000000ebf80000,0x00000000ec200000)
 ParOldGen       total 68608K, used 28587K [0x00000000c0000000, 0x00000000c4300000, 0x00000000eab00000)
  object space 68608K, 41% used [0x00000000c0000000,0x00000000c1bead98,0x00000000c4300000)
 Metaspace       used 47381K, committed 48192K, reserved 1114112K
  class space    used 4747K, committed 5120K, reserved 1048576K
}
Event: 40.573 GC heap before
{Heap before GC invocations=23 (full 2):
 PSYoungGen      total 23040K, used 22669K [0x00000000eab00000, 0x00000000ec480000, 0x0000000100000000)
  eden space 20480K, 100% used [0x00000000eab00000,0x00000000ebf00000,0x00000000ebf00000)
  from space 2560K, 85% used [0x00000000ec200000,0x00000000ec423530,0x00000000ec480000)
  to   space 2560K, 0% used [0x00000000ebf80000,0x00000000ebf80000,0x00000000ec200000)
 ParOldGen       total 68608K, used 28587K [0x00000000c0000000, 0x00000000c4300000, 0x00000000eab00000)
  object space 68608K, 41% used [0x00000000c0000000,0x00000000c1bead98,0x00000000c4300000)
 Metaspace       used 48997K, committed 49856K, reserved 1114112K
  class space    used 4865K, committed 5248K, reserved 1048576K
}
Event: 40.665 GC heap after
{Heap after GC invocations=23 (full 2):
 PSYoungGen      total 22016K, used 1441K [0x00000000eab00000, 0x00000000ec300000, 0x0000000100000000)
  eden space 20480K, 0% used [0x00000000eab00000,0x00000000eab00000,0x00000000ebf00000)
  from space 1536K, 93% used [0x00000000ebf80000,0x00000000ec0e8638,0x00000000ec100000)
  to   space 2048K, 0% used [0x00000000ec100000,0x00000000ec100000,0x00000000ec300000)
 ParOldGen       total 68608K, used 30479K [0x00000000c0000000, 0x00000000c4300000, 0x00000000eab00000)
  object space 68608K, 44% used [0x00000000c0000000,0x00000000c1dc3e78,0x00000000c4300000)
 Metaspace       used 48997K, committed 49856K, reserved 1114112K
  class space    used 4865K, committed 5248K, reserved 1048576K
}
Event: 42.084 GC heap before
{Heap before GC invocations=24 (full 2):
 PSYoungGen      total 22016K, used 21921K [0x00000000eab00000, 0x00000000ec300000, 0x0000000100000000)
  eden space 20480K, 100% used [0x00000000eab00000,0x00000000ebf00000,0x00000000ebf00000)
  from space 1536K, 93% used [0x00000000ebf80000,0x00000000ec0e8638,0x00000000ec100000)
  to   space 2048K, 0% used [0x00000000ec100000,0x00000000ec100000,0x00000000ec300000)
 ParOldGen       total 68608K, used 30479K [0x00000000c0000000, 0x00000000c4300000, 0x00000000eab00000)
  object space 68608K, 44% used [0x00000000c0000000,0x00000000c1dc3e78,0x00000000c4300000)
 Metaspace       used 50335K, committed 51072K, reserved 1114112K
  class space    used 4998K, committed 5312K, reserved 1048576K
}
Event: 42.091 GC heap after
{Heap after GC invocations=24 (full 2):
 PSYoungGen      total 19968K, used 2034K [0x00000000eab00000, 0x00000000ec800000, 0x0000000100000000)
  eden space 17920K, 0% used [0x00000000eab00000,0x00000000eab00000,0x00000000ebc80000)
  from space 2048K, 99% used [0x00000000ec100000,0x00000000ec2fc920,0x00000000ec300000)
  to   space 4608K, 0% used [0x00000000ebc80000,0x00000000ebc80000,0x00000000ec100000)
 ParOldGen       total 68608K, used 32394K [0x00000000c0000000, 0x00000000c4300000, 0x00000000eab00000)
  object space 68608K, 47% used [0x00000000c0000000,0x00000000c1fa2ae8,0x00000000c4300000)
 Metaspace       used 50335K, committed 51072K, reserved 1114112K
  class space    used 4998K, committed 5312K, reserved 1048576K
}
Event: 222.885 GC heap before
{Heap before GC invocations=25 (full 2):
 PSYoungGen      total 19968K, used 19942K [0x00000000eab00000, 0x00000000ec800000, 0x0000000100000000)
  eden space 17920K, 99% used [0x00000000eab00000,0x00000000ebc7cef8,0x00000000ebc80000)
  from space 2048K, 99% used [0x00000000ec100000,0x00000000ec2fc920,0x00000000ec300000)
  to   space 4608K, 0% used [0x00000000ebc80000,0x00000000ebc80000,0x00000000ec100000)
 ParOldGen       total 68608K, used 32394K [0x00000000c0000000, 0x00000000c4300000, 0x00000000eab00000)
  object space 68608K, 47% used [0x00000000c0000000,0x00000000c1fa2ae8,0x00000000c4300000)
 Metaspace       used 50754K, committed 51584K, reserved 1114112K
  class space    used 5013K, committed 5376K, reserved 1048576K
}
Event: 222.956 GC heap after
{Heap after GC invocations=25 (full 2):
 PSYoungGen      total 20992K, used 3040K [0x00000000eab00000, 0x00000000ec380000, 0x0000000100000000)
  eden space 17920K, 0% used [0x00000000eab00000,0x00000000eab00000,0x00000000ebc80000)
  from space 3072K, 98% used [0x00000000ebc80000,0x00000000ebf78060,0x00000000ebf80000)
  to   space 3584K, 0% used [0x00000000ec000000,0x00000000ec000000,0x00000000ec380000)
 ParOldGen       total 68608K, used 34029K [0x00000000c0000000, 0x00000000c4300000, 0x00000000eab00000)
  object space 68608K, 49% used [0x00000000c0000000,0x00000000c213b7f0,0x00000000c4300000)
 Metaspace       used 50754K, committed 51584K, reserved 1114112K
  class space    used 5013K, committed 5376K, reserved 1048576K
}

