# JRE version: Java(TM) SE Runtime Environment (17.0.6+9) (build 17.0.6+9-LTS-190)
# Java VM: Java HotSpot(TM) 64-Bit Server VM (17.0.6+9-LTS-190, mixed mode, sharing, tiered, compressed oops, compressed class ptrs, g1 gc, windows-amd64)
GC Precious Log:
 CPUs: 16 total, 16 available
 Memory: 6005M
 Large Page Support: Disabled
 NUMA Support: Disabled
 Compressed Oops: Enabled (32-bit)
 Heap Region Size: 1M
 Heap Min Capacity: 8M
 Heap Initial Capacity: 94M
 Heap Max Capacity: 2G
 Pre-touch: Disabled
 Parallel Workers: 13
 Concurrent Workers: 3
 Concurrent Refinement Workers: 13
 Periodic GC: Disabled
Heap:
 garbage-first heap   total 286720K, used 114086K [0x0000000080000000, 0x0000000100000000)
  region size 1024K, 25 young (25600K), 6 survivors (6144K)
 Metaspace       used 84623K, committed 85440K, reserved 1130496K
  class space    used 11895K, committed 12288K, reserved 1048576K
GC Heap History (20 events):
Event: 17.486 GC heap before
{Heap before GC invocations=52 (full 0):
 garbage-first heap   total 135168K, used 80165K [0x0000000080000000, 0x0000000100000000)
  region size 1024K, 6 young (6144K), 3 survivors (3072K)
 Metaspace       used 71187K, committed 71808K, reserved 1114112K
  class space    used 9817K, committed 10112K, reserved 1048576K
}
Event: 17.489 GC heap after
{Heap after GC invocations=53 (full 0):
 garbage-first heap   total 135168K, used 77114K [0x0000000080000000, 0x0000000100000000)
  region size 1024K, 1 young (1024K), 1 survivors (1024K)
 Metaspace       used 71187K, committed 71808K, reserved 1114112K
  class space    used 9817K, committed 10112K, reserved 1048576K
}
Event: 18.399 GC heap before
{Heap before GC invocations=53 (full 0):
 garbage-first heap   total 135168K, used 109882K [0x0000000080000000, 0x0000000100000000)
  region size 1024K, 33 young (33792K), 1 survivors (1024K)
 Metaspace       used 73420K, committed 74048K, reserved 1114112K
  class space    used 10265K, committed 10560K, reserved 1048576K
}
Event: 18.402 GC heap after
{Heap after GC invocations=54 (full 0):
 garbage-first heap   total 135168K, used 78074K [0x0000000080000000, 0x0000000100000000)
  region size 1024K, 2 young (2048K), 2 survivors (2048K)
 Metaspace       used 73420K, committed 74048K, reserved 1114112K
  class space    used 10265K, committed 10560K, reserved 1048576K
}
Event: 19.159 GC heap before
{Heap before GC invocations=55 (full 0):
 garbage-first heap   total 137216K, used 110842K [0x0000000080000000, 0x0000000100000000)
  region size 1024K, 34 young (34816K), 2 survivors (2048K)
 Metaspace       used 75777K, committed 76416K, reserved 1122304K
  class space    used 10588K, committed 10880K, reserved 1048576K
}
Event: 19.163 GC heap after
{Heap after GC invocations=56 (full 0):
 garbage-first heap   total 137216K, used 79756K [0x0000000080000000, 0x0000000100000000)
  region size 1024K, 3 young (3072K), 3 survivors (3072K)
 Metaspace       used 75777K, committed 76416K, reserved 1122304K
  class space    used 10588K, committed 10880K, reserved 1048576K
}
Event: 39.308 GC heap before
{Heap before GC invocations=56 (full 0):
 garbage-first heap   total 137216K, used 113548K [0x0000000080000000, 0x0000000100000000)
  region size 1024K, 37 young (37888K), 3 survivors (3072K)
 Metaspace       used 77217K, committed 77952K, reserved 1122304K
  class space    used 10812K, committed 11136K, reserved 1048576K
}
Event: 39.789 GC heap after
{Heap after GC invocations=57 (full 0):
 garbage-first heap   total 137216K, used 84263K [0x0000000080000000, 0x0000000100000000)
  region size 1024K, 5 young (5120K), 5 survivors (5120K)
 Metaspace       used 77217K, committed 77952K, reserved 1122304K
  class space    used 10812K, committed 11136K, reserved 1048576K
}
Event: 47.629 GC heap before
{Heap before GC invocations=58 (full 0):
 garbage-first heap   total 143360K, used 101671K [0x0000000080000000, 0x0000000100000000)
  region size 1024K, 22 young (22528K), 5 survivors (5120K)
 Metaspace       used 77717K, committed 78464K, reserved 1122304K
  class space    used 10865K, committed 11200K, reserved 1048576K
}
Event: 48.182 GC heap after
{Heap after GC invocations=59 (full 0):
 garbage-first heap   total 143360K, used 87068K [0x0000000080000000, 0x0000000100000000)
  region size 1024K, 3 young (3072K), 3 survivors (3072K)
 Metaspace       used 77717K, committed 78464K, reserved 1122304K
  class space    used 10865K, committed 11200K, reserved 1048576K
}
Event: 49.090 GC heap before
{Heap before GC invocations=59 (full 0):
 garbage-first heap   total 143360K, used 90140K [0x0000000080000000, 0x0000000100000000)
  region size 1024K, 7 young (7168K), 3 survivors (3072K)
 Metaspace       used 77729K, committed 78464K, reserved 1122304K
  class space    used 10866K, committed 11200K, reserved 1048576K
}
Event: 49.156 GC heap after
{Heap after GC invocations=60 (full 0):
 garbage-first heap   total 286720K, used 87197K [0x0000000080000000, 0x0000000100000000)
  region size 1024K, 1 young (1024K), 1 survivors (1024K)
 Metaspace       used 77729K, committed 78464K, reserved 1122304K
  class space    used 10866K, committed 11200K, reserved 1048576K
}
Event: 57.271 GC heap before
{Heap before GC invocations=60 (full 0):
 garbage-first heap   total 286720K, used 100509K [0x0000000080000000, 0x0000000100000000)
  region size 1024K, 14 young (14336K), 1 survivors (1024K)
 Metaspace       used 78182K, committed 78912K, reserved 1122304K
  class space    used 10921K, committed 11264K, reserved 1048576K
}
Event: 57.285 GC heap after
{Heap after GC invocations=61 (full 0):
 garbage-first heap   total 286720K, used 89088K [0x0000000080000000, 0x0000000100000000)
  region size 1024K, 2 young (2048K), 2 survivors (2048K)
 Metaspace       used 78182K, committed 78912K, reserved 1122304K
  class space    used 10921K, committed 11264K, reserved 1048576K
}
Event: 64.822 GC heap before
{Heap before GC invocations=61 (full 0):
 garbage-first heap   total 286720K, used 101376K [0x0000000080000000, 0x0000000100000000)
  region size 1024K, 14 young (14336K), 2 survivors (2048K)
 Metaspace       used 79229K, committed 80064K, reserved 1122304K
  class space    used 11086K, committed 11456K, reserved 1048576K
}
Event: 64.851 GC heap after
{Heap after GC invocations=62 (full 0):
 garbage-first heap   total 286720K, used 90480K [0x0000000080000000, 0x0000000100000000)
  region size 1024K, 2 young (2048K), 2 survivors (2048K)
 Metaspace       used 79229K, committed 80064K, reserved 1122304K
  class space    used 11086K, committed 11456K, reserved 1048576K
}
Event: 85.160 GC heap before
{Heap before GC invocations=62 (full 0):
 garbage-first heap   total 286720K, used 119152K [0x0000000080000000, 0x0000000100000000)
  region size 1024K, 29 young (29696K), 2 survivors (2048K)
 Metaspace       used 81254K, committed 82048K, reserved 1122304K
  class space    used 11409K, committed 11776K, reserved 1048576K
}
Event: 85.175 GC heap after
{Heap after GC invocations=63 (full 0):
 garbage-first heap   total 286720K, used 92946K [0x0000000080000000, 0x0000000100000000)
  region size 1024K, 3 young (3072K), 3 survivors (3072K)
 Metaspace       used 81254K, committed 82048K, reserved 1122304K
  class space    used 11409K, committed 11776K, reserved 1048576K
}
Event: 102.975 GC heap before
{Heap before GC invocations=63 (full 0):
 garbage-first heap   total 286720K, used 138002K [0x0000000080000000, 0x0000000100000000)
  region size 1024K, 47 young (48128K), 3 survivors (3072K)
 Metaspace       used 83591K, committed 84416K, reserved 1122304K
  class space    used 11724K, committed 12096K, reserved 1048576K
}
Event: 103.007 GC heap after
{Heap after GC invocations=64 (full 0):
 garbage-first heap   total 286720K, used 95654K [0x0000000080000000, 0x0000000100000000)
  region size 1024K, 6 young (6144K), 6 survivors (6144K)
 Metaspace       used 83591K, committed 84416K, reserved 1122304K
  class space    used 11724K, committed 12096K, reserved 1048576K
}

