# JRE version: Java(TM) SE Runtime Environment (17.0.6+9) (build 17.0.6+9-LTS-190)
# Java VM: Java HotSpot(TM) 64-Bit Server VM (17.0.6+9-LTS-190, mixed mode, sharing, tiered, compressed oops, compressed class ptrs, g1 gc, windows-amd64)
GC Precious Log:
 CPUs: 16 total, 16 available
 Memory: 6005M
 Large Page Support: Disabled
 NUMA Support: Disabled
 Compressed Oops: Enabled (32-bit)
 Heap Region Size: 1M
 Heap Min Capacity: 8M
 Heap Initial Capacity: 94M
 Heap Max Capacity: 2G
 Pre-touch: Disabled
 Parallel Workers: 13
 Concurrent Workers: 3
 Concurrent Refinement Workers: 13
 Periodic GC: Disabled
Heap:
 garbage-first heap   total 293888K, used 96749K [0x0000000080000000, 0x0000000100000000)
  region size 1024K, 11 young (11264K), 8 survivors (8192K)
 Metaspace       used 86546K, committed 87296K, reserved 1130496K
  class space    used 12085K, committed 12416K, reserved 1048576K
GC Heap History (20 events):
Event: 35.215 GC heap before
{Heap before GC invocations=27 (full 0):
 garbage-first heap   total 141312K, used 85908K [0x0000000080000000, 0x0000000100000000)
  region size 1024K, 24 young (24576K), 3 survivors (3072K)
 Metaspace       used 57689K, committed 58304K, reserved 1105920K
  class space    used 7947K, committed 8256K, reserved 1048576K
}
Event: 35.218 GC heap after
{Heap after GC invocations=28 (full 0):
 garbage-first heap   total 141312K, used 70314K [0x0000000080000000, 0x0000000100000000)
  region size 1024K, 6 young (6144K), 6 survivors (6144K)
 Metaspace       used 57689K, committed 58304K, reserved 1105920K
  class space    used 7947K, committed 8256K, reserved 1048576K
}
Event: 36.188 GC heap before
{Heap before GC invocations=29 (full 0):
 garbage-first heap   total 141312K, used 106154K [0x0000000080000000, 0x0000000100000000)
  region size 1024K, 41 young (41984K), 6 survivors (6144K)
 Metaspace       used 60804K, committed 61440K, reserved 1105920K
  class space    used 8293K, committed 8576K, reserved 1048576K
}
Event: 36.190 GC heap after
{Heap after GC invocations=30 (full 0):
 garbage-first heap   total 141312K, used 71887K [0x0000000080000000, 0x0000000100000000)
  region size 1024K, 2 young (2048K), 2 survivors (2048K)
 Metaspace       used 60804K, committed 61440K, reserved 1105920K
  class space    used 8293K, committed 8576K, reserved 1048576K
}
Event: 36.248 GC heap before
{Heap before GC invocations=30 (full 0):
 garbage-first heap   total 141312K, used 74959K [0x0000000080000000, 0x0000000100000000)
  region size 1024K, 6 young (6144K), 2 survivors (2048K)
 Metaspace       used 61237K, committed 61888K, reserved 1105920K
  class space    used 8356K, committed 8640K, reserved 1048576K
}
Event: 36.250 GC heap after
{Heap after GC invocations=31 (full 0):
 garbage-first heap   total 141312K, used 71055K [0x0000000080000000, 0x0000000100000000)
  region size 1024K, 1 young (1024K), 1 survivors (1024K)
 Metaspace       used 61237K, committed 61888K, reserved 1105920K
  class space    used 8356K, committed 8640K, reserved 1048576K
}
Event: 36.867 GC heap before
{Heap before GC invocations=31 (full 0):
 garbage-first heap   total 141312K, used 105871K [0x0000000080000000, 0x0000000100000000)
  region size 1024K, 36 young (36864K), 1 survivors (1024K)
 Metaspace       used 64360K, committed 65024K, reserved 1105920K
  class space    used 8824K, committed 9152K, reserved 1048576K
}
Event: 36.870 GC heap after
{Heap after GC invocations=32 (full 0):
 garbage-first heap   total 141312K, used 72597K [0x0000000080000000, 0x0000000100000000)
  region size 1024K, 2 young (2048K), 2 survivors (2048K)
 Metaspace       used 64360K, committed 65024K, reserved 1105920K
  class space    used 8824K, committed 9152K, reserved 1048576K
}
Event: 37.269 GC heap before
{Heap before GC invocations=33 (full 0):
 garbage-first heap   total 153600K, used 116629K [0x0000000080000000, 0x0000000100000000)
  region size 1024K, 38 young (38912K), 2 survivors (2048K)
 Metaspace       used 65933K, committed 66624K, reserved 1114112K
  class space    used 9047K, committed 9408K, reserved 1048576K
}
Event: 37.273 GC heap after
{Heap after GC invocations=34 (full 0):
 garbage-first heap   total 153600K, used 79371K [0x0000000080000000, 0x0000000100000000)
  region size 1024K, 5 young (5120K), 5 survivors (5120K)
 Metaspace       used 65933K, committed 66624K, reserved 1114112K
  class space    used 9047K, committed 9408K, reserved 1048576K
}
Event: 37.303 GC heap before
{Heap before GC invocations=34 (full 0):
 garbage-first heap   total 153600K, used 81419K [0x0000000080000000, 0x0000000100000000)
  region size 1024K, 7 young (7168K), 5 survivors (5120K)
 Metaspace       used 66071K, committed 66752K, reserved 1114112K
  class space    used 9067K, committed 9408K, reserved 1048576K
}
Event: 37.306 GC heap after
{Heap after GC invocations=35 (full 0):
 garbage-first heap   total 153600K, used 79111K [0x0000000080000000, 0x0000000100000000)
  region size 1024K, 1 young (1024K), 1 survivors (1024K)
 Metaspace       used 66071K, committed 66752K, reserved 1114112K
  class space    used 9067K, committed 9408K, reserved 1048576K
}
Event: 37.863 GC heap before
{Heap before GC invocations=35 (full 0):
 garbage-first heap   total 153600K, used 119047K [0x0000000080000000, 0x0000000100000000)
  region size 1024K, 41 young (41984K), 1 survivors (1024K)
 Metaspace       used 68501K, committed 69184K, reserved 1114112K
  class space    used 9399K, committed 9728K, reserved 1048576K
}
Event: 37.867 GC heap after
{Heap after GC invocations=36 (full 0):
 garbage-first heap   total 307200K, used 81400K [0x0000000080000000, 0x0000000100000000)
  region size 1024K, 3 young (3072K), 3 survivors (3072K)
 Metaspace       used 68501K, committed 69184K, reserved 1114112K
  class space    used 9399K, committed 9728K, reserved 1048576K
}
Event: 39.937 GC heap before
{Heap before GC invocations=37 (full 0):
 garbage-first heap   total 293888K, used 224760K [0x0000000080000000, 0x0000000100000000)
  region size 1024K, 143 young (146432K), 3 survivors (3072K)
 Metaspace       used 76080K, committed 76800K, reserved 1122304K
  class space    used 10601K, committed 10944K, reserved 1048576K
}
Event: 39.942 GC heap after
{Heap after GC invocations=38 (full 0):
 garbage-first heap   total 293888K, used 87611K [0x0000000080000000, 0x0000000100000000)
  region size 1024K, 9 young (9216K), 9 survivors (9216K)
 Metaspace       used 76080K, committed 76800K, reserved 1122304K
  class space    used 10601K, committed 10944K, reserved 1048576K
}
Event: 40.014 GC heap before
{Heap before GC invocations=38 (full 0):
 garbage-first heap   total 293888K, used 91707K [0x0000000080000000, 0x0000000100000000)
  region size 1024K, 14 young (14336K), 9 survivors (9216K)
 Metaspace       used 76549K, committed 77248K, reserved 1122304K
  class space    used 10662K, committed 11008K, reserved 1048576K
}
Event: 40.019 GC heap after
{Heap after GC invocations=39 (full 0):
 garbage-first heap   total 293888K, used 87519K [0x0000000080000000, 0x0000000100000000)
  region size 1024K, 2 young (2048K), 2 survivors (2048K)
 Metaspace       used 76549K, committed 77248K, reserved 1122304K
  class space    used 10662K, committed 11008K, reserved 1048576K
}
Event: 42.248 GC heap before
{Heap before GC invocations=39 (full 0):
 garbage-first heap   total 293888K, used 230879K [0x0000000080000000, 0x0000000100000000)
  region size 1024K, 141 young (144384K), 2 survivors (2048K)
 Metaspace       used 86214K, committed 86976K, reserved 1130496K
  class space    used 12050K, committed 12416K, reserved 1048576K
}
Event: 42.253 GC heap after
{Heap after GC invocations=40 (full 0):
 garbage-first heap   total 293888K, used 94701K [0x0000000080000000, 0x0000000100000000)
  region size 1024K, 8 young (8192K), 8 survivors (8192K)
 Metaspace       used 86214K, committed 86976K, reserved 1130496K
  class space    used 12050K, committed 12416K, reserved 1048576K
}

