# JRE version: OpenJDK Runtime Environment Temurin-17.0.13+11 (17.0.13+11) (build 17.0.13+11)
# Java VM: OpenJDK 64-Bit Server VM Temurin-17.0.13+11 (17.0.13+11, mixed mode, tiered, compressed oops, compressed class ptrs, parallel gc, windows-amd64)
GC Precious Log:
 CPUs: 16 total, 16 available
 Memory: 6005M
 Large Page Support: Disabled
 NUMA Support: Disabled
 Compressed Oops: Enabled (32-bit)
 Alignments: Space 512K, Generation 512K, Heap 2M
 Heap Min Capacity: 100M
 Heap Initial Capacity: 100M
 Heap Max Capacity: 1G
 Pre-touch: Disabled
 Parallel Workers: 13
Heap:
 PSYoungGen      total 21504K, used 2394K [0x00000000eab00000, 0x00000000ec200000, 0x0000000100000000)
  eden space 20480K, 7% used [0x00000000eab00000,0x00000000eac7e9e0,0x00000000ebf00000)
  from space 1024K, 84% used [0x00000000ebf00000,0x00000000ebfd8060,0x00000000ec000000)
  to   space 1536K, 0% used [0x00000000ec080000,0x00000000ec080000,0x00000000ec200000)
 ParOldGen       total 68608K, used 33316K [0x00000000c0000000, 0x00000000c4300000, 0x00000000eab00000)
  object space 68608K, 48% used [0x00000000c0000000,0x00000000c2089148,0x00000000c4300000)
 Metaspace       used 51064K, committed 51968K, reserved 1114112K
  class space    used 5057K, committed 5440K, reserved 1048576K
GC Heap History (20 events):
Event: 4.982 GC heap before
{Heap before GC invocations=18 (full 2):
 PSYoungGen      total 24064K, used 23785K [0x00000000eab00000, 0x00000000ec580000, 0x0000000100000000)
  eden space 22016K, 100% used [0x00000000eab00000,0x00000000ec080000,0x00000000ec080000)
  from space 2048K, 86% used [0x00000000ec180000,0x00000000ec33a498,0x00000000ec380000)
  to   space 2048K, 0% used [0x00000000ec380000,0x00000000ec380000,0x00000000ec580000)
 ParOldGen       total 68608K, used 19975K [0x00000000c0000000, 0x00000000c4300000, 0x00000000eab00000)
  object space 68608K, 29% used [0x00000000c0000000,0x00000000c1381ed8,0x00000000c4300000)
 Metaspace       used 42583K, committed 43456K, reserved 1114112K
  class space    used 4345K, committed 4736K, reserved 1048576K
}
Event: 4.984 GC heap after
{Heap after GC invocations=18 (full 2):
 PSYoungGen      total 22528K, used 512K [0x00000000eab00000, 0x00000000ec400000, 0x0000000100000000)
  eden space 22016K, 0% used [0x00000000eab00000,0x00000000eab00000,0x00000000ec080000)
  from space 512K, 100% used [0x00000000ec380000,0x00000000ec400000,0x00000000ec400000)
  to   space 1536K, 0% used [0x00000000ec100000,0x00000000ec100000,0x00000000ec280000)
 ParOldGen       total 68608K, used 21559K [0x00000000c0000000, 0x00000000c4300000, 0x00000000eab00000)
  object space 68608K, 31% used [0x00000000c0000000,0x00000000c150dc18,0x00000000c4300000)
 Metaspace       used 42583K, committed 43456K, reserved 1114112K
  class space    used 4345K, committed 4736K, reserved 1048576K
}
Event: 5.119 GC heap before
{Heap before GC invocations=19 (full 2):
 PSYoungGen      total 22528K, used 22381K [0x00000000eab00000, 0x00000000ec400000, 0x0000000100000000)
  eden space 22016K, 99% used [0x00000000eab00000,0x00000000ec05b4d0,0x00000000ec080000)
  from space 512K, 100% used [0x00000000ec380000,0x00000000ec400000,0x00000000ec400000)
  to   space 1536K, 0% used [0x00000000ec100000,0x00000000ec100000,0x00000000ec280000)
 ParOldGen       total 68608K, used 21559K [0x00000000c0000000, 0x00000000c4300000, 0x00000000eab00000)
  object space 68608K, 31% used [0x00000000c0000000,0x00000000c150dc18,0x00000000c4300000)
 Metaspace       used 44117K, committed 45120K, reserved 1114112K
  class space    used 4484K, committed 4928K, reserved 1048576K
}
Event: 5.121 GC heap after
{Heap after GC invocations=19 (full 2):
 PSYoungGen      total 23552K, used 1519K [0x00000000eab00000, 0x00000000ec580000, 0x0000000100000000)
  eden space 22016K, 0% used [0x00000000eab00000,0x00000000eab00000,0x00000000ec080000)
  from space 1536K, 98% used [0x00000000ec100000,0x00000000ec27be40,0x00000000ec280000)
  to   space 2560K, 0% used [0x00000000ec300000,0x00000000ec300000,0x00000000ec580000)
 ParOldGen       total 68608K, used 21863K [0x00000000c0000000, 0x00000000c4300000, 0x00000000eab00000)
  object space 68608K, 31% used [0x00000000c0000000,0x00000000c1559c18,0x00000000c4300000)
 Metaspace       used 44117K, committed 45120K, reserved 1114112K
  class space    used 4484K, committed 4928K, reserved 1048576K
}
Event: 5.163 GC heap before
{Heap before GC invocations=20 (full 2):
 PSYoungGen      total 23552K, used 23531K [0x00000000eab00000, 0x00000000ec580000, 0x0000000100000000)
  eden space 22016K, 99% used [0x00000000eab00000,0x00000000ec07f120,0x00000000ec080000)
  from space 1536K, 98% used [0x00000000ec100000,0x00000000ec27be40,0x00000000ec280000)
  to   space 2560K, 0% used [0x00000000ec300000,0x00000000ec300000,0x00000000ec580000)
 ParOldGen       total 68608K, used 21863K [0x00000000c0000000, 0x00000000c4300000, 0x00000000eab00000)
  object space 68608K, 31% used [0x00000000c0000000,0x00000000c1559c18,0x00000000c4300000)
 Metaspace       used 44267K, committed 45248K, reserved 1114112K
  class space    used 4488K, committed 4928K, reserved 1048576K
}
Event: 5.164 GC heap after
{Heap after GC invocations=20 (full 2):
 PSYoungGen      total 22528K, used 497K [0x00000000eab00000, 0x00000000ec380000, 0x0000000100000000)
  eden space 22016K, 0% used [0x00000000eab00000,0x00000000eab00000,0x00000000ec080000)
  from space 512K, 97% used [0x00000000ec300000,0x00000000ec37c508,0x00000000ec380000)
  to   space 1024K, 0% used [0x00000000ec180000,0x00000000ec180000,0x00000000ec280000)
 ParOldGen       total 68608K, used 22957K [0x00000000c0000000, 0x00000000c4300000, 0x00000000eab00000)
  object space 68608K, 33% used [0x00000000c0000000,0x00000000c166b638,0x00000000c4300000)
 Metaspace       used 44267K, committed 45248K, reserved 1114112K
  class space    used 4488K, committed 4928K, reserved 1048576K
}
Event: 5.723 GC heap before
{Heap before GC invocations=21 (full 2):
 PSYoungGen      total 22528K, used 22513K [0x00000000eab00000, 0x00000000ec380000, 0x0000000100000000)
  eden space 22016K, 100% used [0x00000000eab00000,0x00000000ec080000,0x00000000ec080000)
  from space 512K, 97% used [0x00000000ec300000,0x00000000ec37c508,0x00000000ec380000)
  to   space 1024K, 0% used [0x00000000ec180000,0x00000000ec180000,0x00000000ec280000)
 ParOldGen       total 68608K, used 22957K [0x00000000c0000000, 0x00000000c4300000, 0x00000000eab00000)
  object space 68608K, 33% used [0x00000000c0000000,0x00000000c166b638,0x00000000c4300000)
 Metaspace       used 46495K, committed 47488K, reserved 1114112K
  class space    used 4672K, committed 5120K, reserved 1048576K
}
Event: 5.724 GC heap after
{Heap after GC invocations=21 (full 2):
 PSYoungGen      total 23040K, used 992K [0x00000000eab00000, 0x00000000ec380000, 0x0000000100000000)
  eden space 22016K, 0% used [0x00000000eab00000,0x00000000eab00000,0x00000000ec080000)
  from space 1024K, 96% used [0x00000000ec180000,0x00000000ec278020,0x00000000ec280000)
  to   space 1024K, 0% used [0x00000000ec280000,0x00000000ec280000,0x00000000ec380000)
 ParOldGen       total 68608K, used 23021K [0x00000000c0000000, 0x00000000c4300000, 0x00000000eab00000)
  object space 68608K, 33% used [0x00000000c0000000,0x00000000c167b638,0x00000000c4300000)
 Metaspace       used 46495K, committed 47488K, reserved 1114112K
  class space    used 4672K, committed 5120K, reserved 1048576K
}
Event: 5.758 GC heap before
{Heap before GC invocations=22 (full 2):
 PSYoungGen      total 23040K, used 23008K [0x00000000eab00000, 0x00000000ec380000, 0x0000000100000000)
  eden space 22016K, 99% used [0x00000000eab00000,0x00000000ec07fff0,0x00000000ec080000)
  from space 1024K, 96% used [0x00000000ec180000,0x00000000ec278020,0x00000000ec280000)
  to   space 1024K, 0% used [0x00000000ec280000,0x00000000ec280000,0x00000000ec380000)
 ParOldGen       total 68608K, used 23021K [0x00000000c0000000, 0x00000000c4300000, 0x00000000eab00000)
  object space 68608K, 33% used [0x00000000c0000000,0x00000000c167b638,0x00000000c4300000)
 Metaspace       used 46543K, committed 47488K, reserved 1114112K
  class space    used 4678K, committed 5120K, reserved 1048576K
}
Event: 5.760 GC heap after
{Heap after GC invocations=22 (full 2):
 PSYoungGen      total 21504K, used 992K [0x00000000eab00000, 0x00000000ec780000, 0x0000000100000000)
  eden space 20480K, 0% used [0x00000000eab00000,0x00000000eab00000,0x00000000ebf00000)
  from space 1024K, 96% used [0x00000000ec280000,0x00000000ec378020,0x00000000ec380000)
  to   space 3584K, 0% used [0x00000000ebf00000,0x00000000ebf00000,0x00000000ec280000)
 ParOldGen       total 68608K, used 25092K [0x00000000c0000000, 0x00000000c4300000, 0x00000000eab00000)
  object space 68608K, 36% used [0x00000000c0000000,0x00000000c18810b8,0x00000000c4300000)
 Metaspace       used 46543K, committed 47488K, reserved 1114112K
  class space    used 4678K, committed 5120K, reserved 1048576K
}
Event: 5.784 GC heap before
{Heap before GC invocations=23 (full 2):
 PSYoungGen      total 21504K, used 21472K [0x00000000eab00000, 0x00000000ec780000, 0x0000000100000000)
  eden space 20480K, 100% used [0x00000000eab00000,0x00000000ebf00000,0x00000000ebf00000)
  from space 1024K, 96% used [0x00000000ec280000,0x00000000ec378020,0x00000000ec380000)
  to   space 3584K, 0% used [0x00000000ebf00000,0x00000000ebf00000,0x00000000ec280000)
 ParOldGen       total 68608K, used 25092K [0x00000000c0000000, 0x00000000c4300000, 0x00000000eab00000)
  object space 68608K, 36% used [0x00000000c0000000,0x00000000c18810b8,0x00000000c4300000)
 Metaspace       used 46544K, committed 47488K, reserved 1114112K
  class space    used 4678K, committed 5120K, reserved 1048576K
}
Event: 5.786 GC heap after
{Heap after GC invocations=23 (full 2):
 PSYoungGen      total 23552K, used 2692K [0x00000000eab00000, 0x00000000ec500000, 0x0000000100000000)
  eden space 20480K, 0% used [0x00000000eab00000,0x00000000eab00000,0x00000000ebf00000)
  from space 3072K, 87% used [0x00000000ebf00000,0x00000000ec1a1000,0x00000000ec200000)
  to   space 3072K, 0% used [0x00000000ec200000,0x00000000ec200000,0x00000000ec500000)
 ParOldGen       total 68608K, used 26107K [0x00000000c0000000, 0x00000000c4300000, 0x00000000eab00000)
  object space 68608K, 38% used [0x00000000c0000000,0x00000000c197ed88,0x00000000c4300000)
 Metaspace       used 46544K, committed 47488K, reserved 1114112K
  class space    used 4678K, committed 5120K, reserved 1048576K
}
Event: 5.816 GC heap before
{Heap before GC invocations=24 (full 2):
 PSYoungGen      total 23552K, used 23172K [0x00000000eab00000, 0x00000000ec500000, 0x0000000100000000)
  eden space 20480K, 100% used [0x00000000eab00000,0x00000000ebf00000,0x00000000ebf00000)
  from space 3072K, 87% used [0x00000000ebf00000,0x00000000ec1a1000,0x00000000ec200000)
  to   space 3072K, 0% used [0x00000000ec200000,0x00000000ec200000,0x00000000ec500000)
 ParOldGen       total 68608K, used 26107K [0x00000000c0000000, 0x00000000c4300000, 0x00000000eab00000)
  object space 68608K, 38% used [0x00000000c0000000,0x00000000c197ed88,0x00000000c4300000)
 Metaspace       used 46618K, committed 47552K, reserved 1114112K
  class space    used 4683K, committed 5120K, reserved 1048576K
}
Event: 5.819 GC heap after
{Heap after GC invocations=24 (full 2):
 PSYoungGen      total 23552K, used 2560K [0x00000000eab00000, 0x00000000ec500000, 0x0000000100000000)
  eden space 20480K, 0% used [0x00000000eab00000,0x00000000eab00000,0x00000000ebf00000)
  from space 3072K, 83% used [0x00000000ec200000,0x00000000ec480010,0x00000000ec500000)
  to   space 3072K, 0% used [0x00000000ebf00000,0x00000000ebf00000,0x00000000ec200000)
 ParOldGen       total 68608K, used 28591K [0x00000000c0000000, 0x00000000c4300000, 0x00000000eab00000)
  object space 68608K, 41% used [0x00000000c0000000,0x00000000c1bebd88,0x00000000c4300000)
 Metaspace       used 46618K, committed 47552K, reserved 1114112K
  class space    used 4683K, committed 5120K, reserved 1048576K
}
Event: 145.075 GC heap before
{Heap before GC invocations=25 (full 2):
 PSYoungGen      total 23552K, used 23040K [0x00000000eab00000, 0x00000000ec500000, 0x0000000100000000)
  eden space 20480K, 100% used [0x00000000eab00000,0x00000000ebf00000,0x00000000ebf00000)
  from space 3072K, 83% used [0x00000000ec200000,0x00000000ec480010,0x00000000ec500000)
  to   space 3072K, 0% used [0x00000000ebf00000,0x00000000ebf00000,0x00000000ec200000)
 ParOldGen       total 68608K, used 28591K [0x00000000c0000000, 0x00000000c4300000, 0x00000000eab00000)
  object space 68608K, 41% used [0x00000000c0000000,0x00000000c1bebd88,0x00000000c4300000)
 Metaspace       used 48798K, committed 49728K, reserved 1114112K
  class space    used 4903K, committed 5376K, reserved 1048576K
}
Event: 145.155 GC heap after
{Heap after GC invocations=25 (full 2):
 PSYoungGen      total 22528K, used 1982K [0x00000000eab00000, 0x00000000ec400000, 0x0000000100000000)
  eden space 20480K, 0% used [0x00000000eab00000,0x00000000eab00000,0x00000000ebf00000)
  from space 2048K, 96% used [0x00000000ebf00000,0x00000000ec0efac0,0x00000000ec100000)
  to   space 2560K, 0% used [0x00000000ec180000,0x00000000ec180000,0x00000000ec400000)
 ParOldGen       total 68608K, used 30959K [0x00000000c0000000, 0x00000000c4300000, 0x00000000eab00000)
  object space 68608K, 45% used [0x00000000c0000000,0x00000000c1e3bd98,0x00000000c4300000)
 Metaspace       used 48798K, committed 49728K, reserved 1114112K
  class space    used 4903K, committed 5376K, reserved 1048576K
}
Event: 160.970 GC heap before
{Heap before GC invocations=26 (full 2):
 PSYoungGen      total 22528K, used 22462K [0x00000000eab00000, 0x00000000ec400000, 0x0000000100000000)
  eden space 20480K, 100% used [0x00000000eab00000,0x00000000ebf00000,0x00000000ebf00000)
  from space 2048K, 96% used [0x00000000ebf00000,0x00000000ec0efac0,0x00000000ec100000)
  to   space 2560K, 0% used [0x00000000ec180000,0x00000000ec180000,0x00000000ec400000)
 ParOldGen       total 68608K, used 30959K [0x00000000c0000000, 0x00000000c4300000, 0x00000000eab00000)
  object space 68608K, 45% used [0x00000000c0000000,0x00000000c1e3bd98,0x00000000c4300000)
 Metaspace       used 49806K, committed 50816K, reserved 1114112K
  class space    used 4970K, committed 5440K, reserved 1048576K
}
Event: 160.974 GC heap after
{Heap after GC invocations=26 (full 2):
 PSYoungGen      total 22016K, used 1401K [0x00000000eab00000, 0x00000000ec300000, 0x0000000100000000)
  eden space 20480K, 0% used [0x00000000eab00000,0x00000000eab00000,0x00000000ebf00000)
  from space 1536K, 91% used [0x00000000ec180000,0x00000000ec2de720,0x00000000ec300000)
  to   space 2048K, 0% used [0x00000000ebf00000,0x00000000ebf00000,0x00000000ec100000)
 ParOldGen       total 68608K, used 32501K [0x00000000c0000000, 0x00000000c4300000, 0x00000000eab00000)
  object space 68608K, 47% used [0x00000000c0000000,0x00000000c1fbd4a8,0x00000000c4300000)
 Metaspace       used 49806K, committed 50816K, reserved 1114112K
  class space    used 4970K, committed 5440K, reserved 1048576K
}
Event: 538.245 GC heap before
{Heap before GC invocations=27 (full 2):
 PSYoungGen      total 22016K, used 21881K [0x00000000eab00000, 0x00000000ec300000, 0x0000000100000000)
  eden space 20480K, 100% used [0x00000000eab00000,0x00000000ebf00000,0x00000000ebf00000)
  from space 1536K, 91% used [0x00000000ec180000,0x00000000ec2de720,0x00000000ec300000)
  to   space 2048K, 0% used [0x00000000ebf00000,0x00000000ebf00000,0x00000000ec100000)
 ParOldGen       total 68608K, used 32501K [0x00000000c0000000, 0x00000000c4300000, 0x00000000eab00000)
  object space 68608K, 47% used [0x00000000c0000000,0x00000000c1fbd4a8,0x00000000c4300000)
 Metaspace       used 51042K, committed 51968K, reserved 1114112K
  class space    used 5057K, committed 5440K, reserved 1048576K
}
Event: 538.565 GC heap after
{Heap after GC invocations=27 (full 2):
 PSYoungGen      total 21504K, used 864K [0x00000000eab00000, 0x00000000ec200000, 0x0000000100000000)
  eden space 20480K, 0% used [0x00000000eab00000,0x00000000eab00000,0x00000000ebf00000)
  from space 1024K, 84% used [0x00000000ebf00000,0x00000000ebfd8060,0x00000000ec000000)
  to   space 1536K, 0% used [0x00000000ec080000,0x00000000ec080000,0x00000000ec200000)
 ParOldGen       total 68608K, used 33316K [0x00000000c0000000, 0x00000000c4300000, 0x00000000eab00000)
  object space 68608K, 48% used [0x00000000c0000000,0x00000000c2089148,0x00000000c4300000)
 Metaspace       used 51042K, committed 51968K, reserved 1114112K
  class space    used 5057K, committed 5440K, reserved 1048576K
}

