# JRE version: OpenJDK Runtime Environment Temurin-17.0.13+11 (17.0.13+11) (build 17.0.13+11)
# Java VM: OpenJDK 64-Bit Server VM Temurin-17.0.13+11 (17.0.13+11, mixed mode, tiered, compressed oops, compressed class ptrs, parallel gc, windows-amd64)
GC Precious Log:
 CPUs: 16 total, 16 available
 Memory: 6005M
 Large Page Support: Disabled
 NUMA Support: Disabled
 Compressed Oops: Enabled (32-bit)
 Alignments: Space 512K, Generation 512K, Heap 2M
 Heap Min Capacity: 100M
 Heap Initial Capacity: 100M
 Heap Max Capacity: 1G
 Pre-touch: Disabled
 Parallel Workers: 13
Heap:
 PSYoungGen      total 23040K, used 4565K [0x00000000eab00000, 0x00000000ec400000, 0x0000000100000000)
  eden space 22016K, 16% used [0x00000000eab00000,0x00000000eae9f130,0x00000000ec080000)
  from space 1024K, 83% used [0x00000000ec100000,0x00000000ec1d64b0,0x00000000ec200000)
  to   space 1536K, 0% used [0x00000000ec280000,0x00000000ec280000,0x00000000ec400000)
 ParOldGen       total 68608K, used 33871K [0x00000000c0000000, 0x00000000c4300000, 0x00000000eab00000)
  object space 68608K, 49% used [0x00000000c0000000,0x00000000c2113f70,0x00000000c4300000)
 Metaspace       used 52103K, committed 53312K, reserved 1114112K
  class space    used 5314K, committed 5824K, reserved 1048576K
GC Heap History (20 events):
Event: 11.809 GC heap before
{Heap before GC invocations=16 (full 2):
 PSYoungGen      total 25088K, used 24751K [0x00000000eab00000, 0x00000000ec780000, 0x0000000100000000)
  eden space 22016K, 100% used [0x00000000eab00000,0x00000000ec080000,0x00000000ec080000)
  from space 3072K, 89% used [0x00000000ec080000,0x00000000ec32bfd0,0x00000000ec380000)
  to   space 3584K, 0% used [0x00000000ec400000,0x00000000ec400000,0x00000000ec780000)
 ParOldGen       total 68608K, used 19422K [0x00000000c0000000, 0x00000000c4300000, 0x00000000eab00000)
  object space 68608K, 28% used [0x00000000c0000000,0x00000000c12f7908,0x00000000c4300000)
 Metaspace       used 42719K, committed 43712K, reserved 1114112K
  class space    used 4368K, committed 4800K, reserved 1048576K
}
Event: 11.812 GC heap after
{Heap after GC invocations=16 (full 2):
 PSYoungGen      total 24064K, used 2034K [0x00000000eab00000, 0x00000000ec600000, 0x0000000100000000)
  eden space 22016K, 0% used [0x00000000eab00000,0x00000000eab00000,0x00000000ec080000)
  from space 2048K, 99% used [0x00000000ec400000,0x00000000ec5fc8d8,0x00000000ec600000)
  to   space 2560K, 0% used [0x00000000ec100000,0x00000000ec100000,0x00000000ec380000)
 ParOldGen       total 68608K, used 21698K [0x00000000c0000000, 0x00000000c4300000, 0x00000000eab00000)
  object space 68608K, 31% used [0x00000000c0000000,0x00000000c1530948,0x00000000c4300000)
 Metaspace       used 42719K, committed 43712K, reserved 1114112K
  class space    used 4368K, committed 4800K, reserved 1048576K
}
Event: 11.885 GC heap before
{Heap before GC invocations=17 (full 2):
 PSYoungGen      total 24064K, used 24050K [0x00000000eab00000, 0x00000000ec600000, 0x0000000100000000)
  eden space 22016K, 100% used [0x00000000eab00000,0x00000000ec080000,0x00000000ec080000)
  from space 2048K, 99% used [0x00000000ec400000,0x00000000ec5fc8d8,0x00000000ec600000)
  to   space 2560K, 0% used [0x00000000ec100000,0x00000000ec100000,0x00000000ec380000)
 ParOldGen       total 68608K, used 21698K [0x00000000c0000000, 0x00000000c4300000, 0x00000000eab00000)
  object space 68608K, 31% used [0x00000000c0000000,0x00000000c1530948,0x00000000c4300000)
 Metaspace       used 42752K, committed 43712K, reserved 1114112K
  class space    used 4368K, committed 4800K, reserved 1048576K
}
Event: 11.886 GC heap after
{Heap after GC invocations=17 (full 2):
 PSYoungGen      total 23552K, used 1029K [0x00000000eab00000, 0x00000000ec480000, 0x0000000100000000)
  eden space 22016K, 0% used [0x00000000eab00000,0x00000000eab00000,0x00000000ec080000)
  from space 1536K, 66% used [0x00000000ec100000,0x00000000ec201430,0x00000000ec280000)
  to   space 1536K, 0% used [0x00000000ec300000,0x00000000ec300000,0x00000000ec480000)
 ParOldGen       total 68608K, used 23122K [0x00000000c0000000, 0x00000000c4300000, 0x00000000eab00000)
  object space 68608K, 33% used [0x00000000c0000000,0x00000000c1694930,0x00000000c4300000)
 Metaspace       used 42752K, committed 43712K, reserved 1114112K
  class space    used 4368K, committed 4800K, reserved 1048576K
}
Event: 12.029 GC heap before
{Heap before GC invocations=18 (full 2):
 PSYoungGen      total 23552K, used 23045K [0x00000000eab00000, 0x00000000ec480000, 0x0000000100000000)
  eden space 22016K, 100% used [0x00000000eab00000,0x00000000ec080000,0x00000000ec080000)
  from space 1536K, 66% used [0x00000000ec100000,0x00000000ec201430,0x00000000ec280000)
  to   space 1536K, 0% used [0x00000000ec300000,0x00000000ec300000,0x00000000ec480000)
 ParOldGen       total 68608K, used 23122K [0x00000000c0000000, 0x00000000c4300000, 0x00000000eab00000)
  object space 68608K, 33% used [0x00000000c0000000,0x00000000c1694930,0x00000000c4300000)
 Metaspace       used 43936K, committed 44928K, reserved 1114112K
  class space    used 4513K, committed 4928K, reserved 1048576K
}
Event: 12.030 GC heap after
{Heap after GC invocations=18 (full 2):
 PSYoungGen      total 22528K, used 480K [0x00000000eab00000, 0x00000000ec380000, 0x0000000100000000)
  eden space 22016K, 0% used [0x00000000eab00000,0x00000000eab00000,0x00000000ec080000)
  from space 512K, 93% used [0x00000000ec300000,0x00000000ec378000,0x00000000ec380000)
  to   space 1024K, 0% used [0x00000000ec180000,0x00000000ec180000,0x00000000ec280000)
 ParOldGen       total 68608K, used 23154K [0x00000000c0000000, 0x00000000c4300000, 0x00000000eab00000)
  object space 68608K, 33% used [0x00000000c0000000,0x00000000c169c930,0x00000000c4300000)
 Metaspace       used 43936K, committed 44928K, reserved 1114112K
  class space    used 4513K, committed 4928K, reserved 1048576K
}
Event: 12.497 GC heap before
{Heap before GC invocations=19 (full 2):
 PSYoungGen      total 22528K, used 22496K [0x00000000eab00000, 0x00000000ec380000, 0x0000000100000000)
  eden space 22016K, 100% used [0x00000000eab00000,0x00000000ec080000,0x00000000ec080000)
  from space 512K, 93% used [0x00000000ec300000,0x00000000ec378000,0x00000000ec380000)
  to   space 1024K, 0% used [0x00000000ec180000,0x00000000ec180000,0x00000000ec280000)
 ParOldGen       total 68608K, used 23154K [0x00000000c0000000, 0x00000000c4300000, 0x00000000eab00000)
  object space 68608K, 33% used [0x00000000c0000000,0x00000000c169c930,0x00000000c4300000)
 Metaspace       used 45299K, committed 46272K, reserved 1114112K
  class space    used 4626K, committed 5056K, reserved 1048576K
}
Event: 12.498 GC heap after
{Heap after GC invocations=19 (full 2):
 PSYoungGen      total 23040K, used 768K [0x00000000eab00000, 0x00000000ec380000, 0x0000000100000000)
  eden space 22016K, 0% used [0x00000000eab00000,0x00000000eab00000,0x00000000ec080000)
  from space 1024K, 75% used [0x00000000ec180000,0x00000000ec240000,0x00000000ec280000)
  to   space 1024K, 0% used [0x00000000ec280000,0x00000000ec280000,0x00000000ec380000)
 ParOldGen       total 68608K, used 23314K [0x00000000c0000000, 0x00000000c4300000, 0x00000000eab00000)
  object space 68608K, 33% used [0x00000000c0000000,0x00000000c16c4930,0x00000000c4300000)
 Metaspace       used 45299K, committed 46272K, reserved 1114112K
  class space    used 4626K, committed 5056K, reserved 1048576K
}
Event: 13.113 GC heap before
{Heap before GC invocations=20 (full 2):
 PSYoungGen      total 23040K, used 22784K [0x00000000eab00000, 0x00000000ec380000, 0x0000000100000000)
  eden space 22016K, 100% used [0x00000000eab00000,0x00000000ec080000,0x00000000ec080000)
  from space 1024K, 75% used [0x00000000ec180000,0x00000000ec240000,0x00000000ec280000)
  to   space 1024K, 0% used [0x00000000ec280000,0x00000000ec280000,0x00000000ec380000)
 ParOldGen       total 68608K, used 23314K [0x00000000c0000000, 0x00000000c4300000, 0x00000000eab00000)
  object space 68608K, 33% used [0x00000000c0000000,0x00000000c16c4930,0x00000000c4300000)
 Metaspace       used 47162K, committed 48192K, reserved 1114112K
  class space    used 4805K, committed 5312K, reserved 1048576K
}
Event: 13.115 GC heap after
{Heap after GC invocations=20 (full 2):
 PSYoungGen      total 23040K, used 960K [0x00000000eab00000, 0x00000000ec380000, 0x0000000100000000)
  eden space 22016K, 0% used [0x00000000eab00000,0x00000000eab00000,0x00000000ec080000)
  from space 1024K, 93% used [0x00000000ec280000,0x00000000ec370020,0x00000000ec380000)
  to   space 1024K, 0% used [0x00000000ec180000,0x00000000ec180000,0x00000000ec280000)
 ParOldGen       total 68608K, used 23706K [0x00000000c0000000, 0x00000000c4300000, 0x00000000eab00000)
  object space 68608K, 34% used [0x00000000c0000000,0x00000000c1726930,0x00000000c4300000)
 Metaspace       used 47162K, committed 48192K, reserved 1114112K
  class space    used 4805K, committed 5312K, reserved 1048576K
}
Event: 13.183 GC heap before
{Heap before GC invocations=21 (full 2):
 PSYoungGen      total 23040K, used 22976K [0x00000000eab00000, 0x00000000ec380000, 0x0000000100000000)
  eden space 22016K, 100% used [0x00000000eab00000,0x00000000ec080000,0x00000000ec080000)
  from space 1024K, 93% used [0x00000000ec280000,0x00000000ec370020,0x00000000ec380000)
  to   space 1024K, 0% used [0x00000000ec180000,0x00000000ec180000,0x00000000ec280000)
 ParOldGen       total 68608K, used 23706K [0x00000000c0000000, 0x00000000c4300000, 0x00000000eab00000)
  object space 68608K, 34% used [0x00000000c0000000,0x00000000c1726930,0x00000000c4300000)
 Metaspace       used 47274K, committed 48320K, reserved 1114112K
  class space    used 4814K, committed 5312K, reserved 1048576K
}
Event: 13.186 GC heap after
{Heap after GC invocations=21 (full 2):
 PSYoungGen      total 23040K, used 1024K [0x00000000eab00000, 0x00000000ec880000, 0x0000000100000000)
  eden space 22016K, 0% used [0x00000000eab00000,0x00000000eab00000,0x00000000ec080000)
  from space 1024K, 100% used [0x00000000ec180000,0x00000000ec280000,0x00000000ec280000)
  to   space 4096K, 0% used [0x00000000ec480000,0x00000000ec480000,0x00000000ec880000)
 ParOldGen       total 68608K, used 25882K [0x00000000c0000000, 0x00000000c4300000, 0x00000000eab00000)
  object space 68608K, 37% used [0x00000000c0000000,0x00000000c19468e0,0x00000000c4300000)
 Metaspace       used 47274K, committed 48320K, reserved 1114112K
  class space    used 4814K, committed 5312K, reserved 1048576K
}
Event: 13.232 GC heap before
{Heap before GC invocations=22 (full 2):
 PSYoungGen      total 23040K, used 23040K [0x00000000eab00000, 0x00000000ec880000, 0x0000000100000000)
  eden space 22016K, 100% used [0x00000000eab00000,0x00000000ec080000,0x00000000ec080000)
  from space 1024K, 100% used [0x00000000ec180000,0x00000000ec280000,0x00000000ec280000)
  to   space 4096K, 0% used [0x00000000ec480000,0x00000000ec480000,0x00000000ec880000)
 ParOldGen       total 68608K, used 25882K [0x00000000c0000000, 0x00000000c4300000, 0x00000000eab00000)
  object space 68608K, 37% used [0x00000000c0000000,0x00000000c19468e0,0x00000000c4300000)
 Metaspace       used 47281K, committed 48320K, reserved 1114112K
  class space    used 4814K, committed 5312K, reserved 1048576K
}
Event: 13.235 GC heap after
{Heap after GC invocations=22 (full 2):
 PSYoungGen      total 25600K, used 3140K [0x00000000eab00000, 0x00000000ec800000, 0x0000000100000000)
  eden space 22016K, 0% used [0x00000000eab00000,0x00000000eab00000,0x00000000ec080000)
  from space 3584K, 87% used [0x00000000ec480000,0x00000000ec791010,0x00000000ec800000)
  to   space 3584K, 0% used [0x00000000ec100000,0x00000000ec100000,0x00000000ec480000)
 ParOldGen       total 68608K, used 26966K [0x00000000c0000000, 0x00000000c4300000, 0x00000000eab00000)
  object space 68608K, 39% used [0x00000000c0000000,0x00000000c1a55a00,0x00000000c4300000)
 Metaspace       used 47281K, committed 48320K, reserved 1114112K
  class space    used 4814K, committed 5312K, reserved 1048576K
}
Event: 13.286 GC heap before
{Heap before GC invocations=23 (full 2):
 PSYoungGen      total 25600K, used 25156K [0x00000000eab00000, 0x00000000ec800000, 0x0000000100000000)
  eden space 22016K, 100% used [0x00000000eab00000,0x00000000ec080000,0x00000000ec080000)
  from space 3584K, 87% used [0x00000000ec480000,0x00000000ec791010,0x00000000ec800000)
  to   space 3584K, 0% used [0x00000000ec100000,0x00000000ec100000,0x00000000ec480000)
 ParOldGen       total 68608K, used 26966K [0x00000000c0000000, 0x00000000c4300000, 0x00000000eab00000)
  object space 68608K, 39% used [0x00000000c0000000,0x00000000c1a55a00,0x00000000c4300000)
 Metaspace       used 47354K, committed 48384K, reserved 1114112K
  class space    used 4819K, committed 5312K, reserved 1048576K
}
Event: 13.290 GC heap after
{Heap after GC invocations=23 (full 2):
 PSYoungGen      total 24576K, used 2456K [0x00000000eab00000, 0x00000000ec680000, 0x0000000100000000)
  eden space 22016K, 0% used [0x00000000eab00000,0x00000000eab00000,0x00000000ec080000)
  from space 2560K, 95% used [0x00000000ec100000,0x00000000ec366200,0x00000000ec380000)
  to   space 3072K, 0% used [0x00000000ec380000,0x00000000ec380000,0x00000000ec680000)
 ParOldGen       total 68608K, used 29834K [0x00000000c0000000, 0x00000000c4300000, 0x00000000eab00000)
  object space 68608K, 43% used [0x00000000c0000000,0x00000000c1d22a10,0x00000000c4300000)
 Metaspace       used 47354K, committed 48384K, reserved 1114112K
  class space    used 4819K, committed 5312K, reserved 1048576K
}
Event: 13.695 GC heap before
{Heap before GC invocations=24 (full 2):
 PSYoungGen      total 24576K, used 24472K [0x00000000eab00000, 0x00000000ec680000, 0x0000000100000000)
  eden space 22016K, 100% used [0x00000000eab00000,0x00000000ec080000,0x00000000ec080000)
  from space 2560K, 95% used [0x00000000ec100000,0x00000000ec366200,0x00000000ec380000)
  to   space 3072K, 0% used [0x00000000ec380000,0x00000000ec380000,0x00000000ec680000)
 ParOldGen       total 68608K, used 29834K [0x00000000c0000000, 0x00000000c4300000, 0x00000000eab00000)
  object space 68608K, 43% used [0x00000000c0000000,0x00000000c1d22a10,0x00000000c4300000)
 Metaspace       used 50003K, committed 51072K, reserved 1114112K
  class space    used 5116K, committed 5632K, reserved 1048576K
}
Event: 13.698 GC heap after
{Heap after GC invocations=24 (full 2):
 PSYoungGen      total 24576K, used 2131K [0x00000000eab00000, 0x00000000ec600000, 0x0000000100000000)
  eden space 22016K, 0% used [0x00000000eab00000,0x00000000eab00000,0x00000000ec080000)
  from space 2560K, 83% used [0x00000000ec380000,0x00000000ec594e78,0x00000000ec600000)
  to   space 2560K, 0% used [0x00000000ec100000,0x00000000ec100000,0x00000000ec380000)
 ParOldGen       total 68608K, used 32139K [0x00000000c0000000, 0x00000000c4300000, 0x00000000eab00000)
  object space 68608K, 46% used [0x00000000c0000000,0x00000000c1f62c10,0x00000000c4300000)
 Metaspace       used 50003K, committed 51072K, reserved 1114112K
  class space    used 5116K, committed 5632K, reserved 1048576K
}
Event: 161.841 GC heap before
{Heap before GC invocations=25 (full 2):
 PSYoungGen      total 24576K, used 24147K [0x00000000eab00000, 0x00000000ec600000, 0x0000000100000000)
  eden space 22016K, 100% used [0x00000000eab00000,0x00000000ec080000,0x00000000ec080000)
  from space 2560K, 83% used [0x00000000ec380000,0x00000000ec594e78,0x00000000ec600000)
  to   space 2560K, 0% used [0x00000000ec100000,0x00000000ec100000,0x00000000ec380000)
 ParOldGen       total 68608K, used 32139K [0x00000000c0000000, 0x00000000c4300000, 0x00000000eab00000)
  object space 68608K, 46% used [0x00000000c0000000,0x00000000c1f62c10,0x00000000c4300000)
 Metaspace       used 51681K, committed 52800K, reserved 1114112K
  class space    used 5261K, committed 5760K, reserved 1048576K
}
Event: 162.041 GC heap after
{Heap after GC invocations=25 (full 2):
 PSYoungGen      total 23040K, used 857K [0x00000000eab00000, 0x00000000ec400000, 0x0000000100000000)
  eden space 22016K, 0% used [0x00000000eab00000,0x00000000eab00000,0x00000000ec080000)
  from space 1024K, 83% used [0x00000000ec100000,0x00000000ec1d64b0,0x00000000ec200000)
  to   space 1536K, 0% used [0x00000000ec280000,0x00000000ec280000,0x00000000ec400000)
 ParOldGen       total 68608K, used 33871K [0x00000000c0000000, 0x00000000c4300000, 0x00000000eab00000)
  object space 68608K, 49% used [0x00000000c0000000,0x00000000c2113f70,0x00000000c4300000)
 Metaspace       used 51681K, committed 52800K, reserved 1114112K
  class space    used 5261K, committed 5760K, reserved 1048576K
}

