# JRE version: Java(TM) SE Runtime Environment (17.0.6+9) (build 17.0.6+9-LTS-190)
# Java VM: Java HotSpot(TM) 64-Bit Server VM (17.0.6+9-LTS-190, mixed mode, sharing, tiered, compressed oops, compressed class ptrs, g1 gc, windows-amd64)
GC Precious Log:
 CPUs: 16 total, 16 available
 Memory: 6005M
 Large Page Support: Disabled
 NUMA Support: Disabled
 Compressed Oops: Enabled (32-bit)
 Heap Region Size: 1M
 Heap Min Capacity: 8M
 Heap Initial Capacity: 94M
 Heap Max Capacity: 2G
 Pre-touch: Disabled
 Parallel Workers: 13
 Concurrent Workers: 3
 Concurrent Refinement Workers: 13
 Periodic GC: Disabled
Heap:
 garbage-first heap   total 133120K, used 74015K [0x0000000080000000, 0x0000000100000000)
  region size 1024K, 2 young (2048K), 2 survivors (2048K)
 Metaspace       used 64081K, committed 64768K, reserved 1105920K
  class space    used 8852K, committed 9152K, reserved 1048576K
GC Heap History (20 events):
Event: 20.995 GC heap after
{Heap after GC invocations=19 (full 0):
 garbage-first heap   total 98304K, used 60245K [0x0000000080000000, 0x0000000100000000)
  region size 1024K, 1 young (1024K), 1 survivors (1024K)
 Metaspace       used 51187K, committed 51776K, reserved 1097728K
  class space    used 7119K, committed 7424K, reserved 1048576K
}
Event: 21.341 GC heap before
{Heap before GC invocations=19 (full 0):
 garbage-first heap   total 98304K, used 77653K [0x0000000080000000, 0x0000000100000000)
  region size 1024K, 19 young (19456K), 1 survivors (1024K)
 Metaspace       used 52725K, committed 53376K, reserved 1097728K
  class space    used 7306K, committed 7616K, reserved 1048576K
}
Event: 21.343 GC heap after
{Heap after GC invocations=20 (full 0):
 garbage-first heap   total 98304K, used 60659K [0x0000000080000000, 0x0000000100000000)
  region size 1024K, 1 young (1024K), 1 survivors (1024K)
 Metaspace       used 52725K, committed 53376K, reserved 1097728K
  class space    used 7306K, committed 7616K, reserved 1048576K
}
Event: 21.612 GC heap before
{Heap before GC invocations=21 (full 0):
 garbage-first heap   total 106496K, used 79091K [0x0000000080000000, 0x0000000100000000)
  region size 1024K, 20 young (20480K), 1 survivors (1024K)
 Metaspace       used 54638K, committed 55232K, reserved 1097728K
  class space    used 7509K, committed 7808K, reserved 1048576K
}
Event: 21.614 GC heap after
{Heap after GC invocations=22 (full 0):
 garbage-first heap   total 106496K, used 60998K [0x0000000080000000, 0x0000000100000000)
  region size 1024K, 1 young (1024K), 1 survivors (1024K)
 Metaspace       used 54638K, committed 55232K, reserved 1097728K
  class space    used 7509K, committed 7808K, reserved 1048576K
}
Event: 21.702 GC heap before
{Heap before GC invocations=22 (full 0):
 garbage-first heap   total 106496K, used 65094K [0x0000000080000000, 0x0000000100000000)
  region size 1024K, 5 young (5120K), 1 survivors (1024K)
 Metaspace       used 54987K, committed 55616K, reserved 1097728K
  class space    used 7563K, committed 7872K, reserved 1048576K
}
Event: 21.704 GC heap after
{Heap after GC invocations=23 (full 0):
 garbage-first heap   total 128000K, used 60664K [0x0000000080000000, 0x0000000100000000)
  region size 1024K, 1 young (1024K), 1 survivors (1024K)
 Metaspace       used 54987K, committed 55616K, reserved 1097728K
  class space    used 7563K, committed 7872K, reserved 1048576K
}
Event: 22.333 GC heap before
{Heap before GC invocations=23 (full 0):
 garbage-first heap   total 128000K, used 89336K [0x0000000080000000, 0x0000000100000000)
  region size 1024K, 30 young (30720K), 1 survivors (1024K)
 Metaspace       used 57488K, committed 58176K, reserved 1105920K
  class space    used 7947K, committed 8256K, reserved 1048576K
}
Event: 22.336 GC heap after
{Heap after GC invocations=24 (full 0):
 garbage-first heap   total 128000K, used 62117K [0x0000000080000000, 0x0000000100000000)
  region size 1024K, 2 young (2048K), 2 survivors (2048K)
 Metaspace       used 57488K, committed 58176K, reserved 1105920K
  class space    used 7947K, committed 8256K, reserved 1048576K
}
Event: 23.035 GC heap before
{Heap before GC invocations=25 (full 0):
 garbage-first heap   total 133120K, used 109221K [0x0000000080000000, 0x0000000100000000)
  region size 1024K, 41 young (41984K), 2 survivors (2048K)
 Metaspace       used 59249K, committed 59904K, reserved 1105920K
  class space    used 8192K, committed 8512K, reserved 1048576K
}
Event: 23.039 GC heap after
{Heap after GC invocations=26 (full 0):
 garbage-first heap   total 133120K, used 69172K [0x0000000080000000, 0x0000000100000000)
  region size 1024K, 6 young (6144K), 6 survivors (6144K)
 Metaspace       used 59249K, committed 59904K, reserved 1105920K
  class space    used 8192K, committed 8512K, reserved 1048576K
}
Event: 23.051 GC heap before
{Heap before GC invocations=26 (full 0):
 garbage-first heap   total 133120K, used 70196K [0x0000000080000000, 0x0000000100000000)
  region size 1024K, 7 young (7168K), 6 survivors (6144K)
 Metaspace       used 59305K, committed 59968K, reserved 1105920K
  class space    used 8198K, committed 8512K, reserved 1048576K
}
Event: 23.055 GC heap after
{Heap after GC invocations=27 (full 0):
 garbage-first heap   total 133120K, used 69452K [0x0000000080000000, 0x0000000100000000)
  region size 1024K, 1 young (1024K), 1 survivors (1024K)
 Metaspace       used 59305K, committed 59968K, reserved 1105920K
  class space    used 8198K, committed 8512K, reserved 1048576K
}
Event: 24.133 GC heap before
{Heap before GC invocations=27 (full 0):
 garbage-first heap   total 133120K, used 105292K [0x0000000080000000, 0x0000000100000000)
  region size 1024K, 36 young (36864K), 1 survivors (1024K)
 Metaspace       used 61564K, committed 62272K, reserved 1105920K
  class space    used 8495K, committed 8832K, reserved 1048576K
}
Event: 24.137 GC heap after
{Heap after GC invocations=28 (full 0):
 garbage-first heap   total 133120K, used 71214K [0x0000000080000000, 0x0000000100000000)
  region size 1024K, 3 young (3072K), 3 survivors (3072K)
 Metaspace       used 61564K, committed 62272K, reserved 1105920K
  class space    used 8495K, committed 8832K, reserved 1048576K
}
Event: 24.393 GC heap before
{Heap before GC invocations=29 (full 0):
 garbage-first heap   total 133120K, used 107054K [0x0000000080000000, 0x0000000100000000)
  region size 1024K, 38 young (38912K), 3 survivors (3072K)
 Metaspace       used 61751K, committed 62400K, reserved 1105920K
  class space    used 8528K, committed 8832K, reserved 1048576K
}
Event: 24.396 GC heap after
{Heap after GC invocations=30 (full 0):
 garbage-first heap   total 133120K, used 73904K [0x0000000080000000, 0x0000000100000000)
  region size 1024K, 5 young (5120K), 5 survivors (5120K)
 Metaspace       used 61751K, committed 62400K, reserved 1105920K
  class space    used 8528K, committed 8832K, reserved 1048576K
}
Event: 24.420 GC heap before
{Heap before GC invocations=30 (full 0):
 garbage-first heap   total 133120K, used 74928K [0x0000000080000000, 0x0000000100000000)
  region size 1024K, 6 young (6144K), 5 survivors (5120K)
 Metaspace       used 61770K, committed 62400K, reserved 1105920K
  class space    used 8531K, committed 8832K, reserved 1048576K
}
Event: 24.424 GC heap after
{Heap after GC invocations=31 (full 0):
 garbage-first heap   total 133120K, used 73250K [0x0000000080000000, 0x0000000100000000)
  region size 1024K, 1 young (1024K), 1 survivors (1024K)
 Metaspace       used 61770K, committed 62400K, reserved 1105920K
  class space    used 8531K, committed 8832K, reserved 1048576K
}
Event: 25.143 GC heap before
{Heap before GC invocations=31 (full 0):
 garbage-first heap   total 133120K, used 108066K [0x0000000080000000, 0x0000000100000000)
  region size 1024K, 35 young (35840K), 1 survivors (1024K)
 Metaspace       used 64081K, committed 64768K, reserved 1105920K
  class space    used 8852K, committed 9152K, reserved 1048576K
}

